
> dev
> nodemon src/server.ts

[33m[nodemon] 3.1.10[39m
[33m[nodemon] to restart at any time, enter `rs`[39m
[33m[nodemon] watching path(s): *.*[39m
[33m[nodemon] watching extensions: ts,json[39m
[32m[nodemon] starting `ts-node src/server.ts`[39m
Error: listen EADDRINUSE: address already in use :::3000
    at Server.setupListenHandle [as _listen2] (node:net:1939:16)
    at listenInCluster (node:net:1996:12)
    at Server.listen (node:net:2101:7)
    at Function.listen (/home/ksh10/internal_api/node_modules/express/lib/application.js:635:24)
    at Object.<anonymous> (/home/ksh10/internal_api/src/server.ts:14:5)
    at Module._compile (node:internal/modules/cjs/loader:1734:14)
    at Module.m._compile (/home/ksh10/internal_api/node_modules/ts-node/src/index.ts:1618:23)
    at loadTS (node:internal/modules/cjs/loader:1826:10)
    at Object.require.extensions.<computed> [as .ts] (/home/ksh10/internal_api/node_modules/ts-node/src/index.ts:1621:12)
    at Module.load (node:internal/modules/cjs/loader:1469:32) {
  code: 'EADDRINUSE',
  errno: -98,
  syscall: 'listen',
  address: '::',
  port: 3000
}
[31m[nodemon] app crashed - waiting for file changes before starting...[39m
